<?xml version="1.0" encoding="UTF-8"?>
<!-- Generated by org.testng.reporters.JUnitXMLReporter -->
<testsuite ignored="0" hostname="DESKTOP-DM7HA6N" failures="0" tests="5" name="CST5354Test" time="0.077" errors="0" timestamp="2023-06-07T13:43:20 IST">
  <testcase classname="day7Jun23.TestNgDemo1" name="verifyTitle" time="0.01"/>
  <testcase classname="day7Jun23.TestNgDemo1" name="verifyUrl" time="0.001"/>
  <testcase classname="day7Jun23.TestNgDemo2" name="reg" time="0.002"/>
  <testcase classname="day7Jun23.TestNgDemo2" name="login" time="0.001"/>
  <testcase classname="day7Jun23.TestNgDemo2" name="logout" time="0.001"/>
</testsuite> <!-- CST5354Test -->
