<?xml version="1.0" encoding="UTF-8"?>
<!-- Generated by org.testng.reporters.JUnitXMLReporter -->
<testsuite ignored="0" hostname="DESKTOP-DM7HA6N" failures="0" tests="4" name="CST5354Test#2" time="0.02" errors="0" timestamp="2023-06-07T14:00:44 IST">
  <testcase classname="day7Jun23.TestNgDemo2" name="reg" time="0.002"/>
  <testcase classname="day7Jun23.TestNgDemo2" name="login" time="0.001">
    <skipped/>
  </testcase> <!-- login -->
  <testcase classname="day7Jun23.TestNgDemo2" name="logout" time="0.002">
    <skipped/>
  </testcase> <!-- logout -->
  <testcase classname="day7Jun23.TestNgDemo2" name="timepass" time="0.001"/>
</testsuite> <!-- CST5354Test#2 -->
