<?xml version="1.0" encoding="UTF-8"?>
<testng-results ignored="0" total="2" passed="2" failed="0" skipped="0">
  <reporter-output>
  </reporter-output>
  <suite started-at="2023-06-26T13:27:09 IST" name="Suite" finished-at="2023-06-26T13:27:29 IST" duration-ms="20027">
    <groups>
    </groups>
    <test started-at="2023-06-26T13:27:09 IST" name="Test" finished-at="2023-06-26T13:27:29 IST" duration-ms="20027">
      <class name="day19Jun23.tests.LoginTest">
        <test-method is-config="true" signature="setUp()[pri:0, instance:day19Jun23.tests.LoginTest@72d1ad2e]" started-at="2023-06-26T13:27:09 IST" name="setUp" finished-at="2023-06-26T13:27:17 IST" duration-ms="7812" status="PASS">
          <reporter-output>
          </reporter-output>
        </test-method> <!-- setUp -->
        <test-method signature="loginTest1()[pri:0, instance:day19Jun23.tests.LoginTest@72d1ad2e]" started-at="2023-06-26T13:27:17 IST" name="loginTest1" finished-at="2023-06-26T13:27:19 IST" duration-ms="2377" status="PASS">
          <reporter-output>
          </reporter-output>
        </test-method> <!-- loginTest1 -->
        <test-method is-config="true" signature="tearDown()[pri:0, instance:day19Jun23.tests.LoginTest@72d1ad2e]" started-at="2023-06-26T13:27:19 IST" name="tearDown" finished-at="2023-06-26T13:27:19 IST" duration-ms="302" status="PASS">
          <reporter-output>
          </reporter-output>
        </test-method> <!-- tearDown -->
      </class> <!-- day19Jun23.tests.LoginTest -->
      <class name="day19Jun23.tests.LandingPageTest">
        <test-method is-config="true" signature="setUp()[pri:0, instance:day19Jun23.tests.LandingPageTest@42a48628]" started-at="2023-06-26T13:27:19 IST" name="setUp" finished-at="2023-06-26T13:27:26 IST" duration-ms="6473" status="PASS">
          <reporter-output>
          </reporter-output>
        </test-method> <!-- setUp -->
        <test-method signature="verifyUrlTest()[pri:0, instance:day19Jun23.tests.LandingPageTest@42a48628]" started-at="2023-06-26T13:27:26 IST" name="verifyUrlTest" finished-at="2023-06-26T13:27:29 IST" duration-ms="2702" status="PASS">
          <reporter-output>
          </reporter-output>
        </test-method> <!-- verifyUrlTest -->
        <test-method is-config="true" signature="tearDown()[pri:0, instance:day19Jun23.tests.LandingPageTest@42a48628]" started-at="2023-06-26T13:27:29 IST" name="tearDown" finished-at="2023-06-26T13:27:29 IST" duration-ms="311" status="PASS">
          <reporter-output>
          </reporter-output>
        </test-method> <!-- tearDown -->
      </class> <!-- day19Jun23.tests.LandingPageTest -->
    </test> <!-- Test -->
  </suite> <!-- Suite -->
</testng-results>
