<?xml version="1.0" encoding="UTF-8"?>
<testng-results ignored="0" total="2" passed="2" failed="0" skipped="0">
  <reporter-output>
  </reporter-output>
  <suite started-at="2023-06-24T10:29:17 IST" name="Default suite" finished-at="2023-06-24T10:29:17 IST" duration-ms="72">
    <groups>
    </groups>
    <test started-at="2023-06-24T10:29:17 IST" name="Default test" finished-at="2023-06-24T10:29:17 IST" duration-ms="72">
      <class name="day23jun23.ReTryTestSample">
        <test-method signature="Test1()[pri:0, instance:day23jun23.ReTryTestSample@209da20d]" started-at="2023-06-24T10:29:17 IST" name="Test1" finished-at="2023-06-24T10:29:17 IST" duration-ms="12" status="PASS">
          <reporter-output>
          </reporter-output>
        </test-method> <!-- Test1 -->
        <test-method signature="Test2()[pri:0, instance:day23jun23.ReTryTestSample@209da20d]" started-at="2023-06-24T10:29:17 IST" name="Test2" finished-at="2023-06-24T10:29:17 IST" duration-ms="2" status="PASS">
          <reporter-output>
          </reporter-output>
        </test-method> <!-- Test2 -->
      </class> <!-- day23jun23.ReTryTestSample -->
    </test> <!-- Default test -->
  </suite> <!-- Default suite -->
</testng-results>
