<?xml version="1.0" encoding="UTF-8"?>
<!-- Generated by org.testng.reporters.JUnitXMLReporter -->
<testsuite ignored="0" hostname="DESKTOP-DM7HA6N" failures="0" tests="5" name="GroupsTest" time="0.096" errors="0" timestamp="2023-06-21T14:00:03 IST">
  <testcase classname="day17Jun23.GroupsDemo" name="testBMW" time="0.011"/>
  <testcase classname="day17Jun23.GroupsDemo" name="testBajaj" time="0.004"/>
  <testcase classname="day17Jun23.GroupsDemo" name="testBenz" time="0.002"/>
  <testcase classname="day17Jun23.GroupsDemo" name="testHonda" time="0.005"/>
  <testcase classname="day17Jun23.GroupsDemo" name="testYamaha" time="0.001"/>
</testsuite> <!-- GroupsTest -->
