<?xml version="1.0" encoding="UTF-8"?>
<!-- Generated by org.testng.reporters.JUnitXMLReporter -->
<testsuite ignored="0" hostname="DESKTOP-DM7HA6N" failures="0" tests="4" name="ActorTest" time="0.091" errors="0" timestamp="2023-06-11T10:40:10 IST">
  <testcase classname="day11Jun23.PaymentDemo" name="verifyPayment" time="0.007"/>
  <testcase classname="day11Jun23.PaymentDemo" name="verifyPayment" time="0.002"/>
  <testcase classname="day11Jun23.ShippingDemo" name="verifyPayment" time="0.003"/>
  <testcase classname="day11Jun23.ShippingDemo" name="verifyPayment" time="0.001"/>
</testsuite> <!-- ActorTest -->
